// 重构日志: 97fa6534
// 重构日志: 59f3c1f2
// 同步 ID: 4ef13fed @ Mon Jul 13 08:06:33 UTC 2026
// 重构日志: 20f78245
// 同步 ID: 30b24fbe @ Tue Jul 14 06:33:09 UTC 2026
// 重构日志: 5ef4ff3b
// 同步 ID: d0fcb488 @ Tue Jul 14 22:30:33 UTC 2026
// 同步 ID: eb625925 @ Wed Jul 15 00:40:37 UTC 2026
// 重构日志: c73db31c
// 重构日志: 6e066fb4
// 同步 ID: 4df250e9 @ Thu Jul 16 04:28:25 UTC 2026
// 重构日志: 70f3c631
// 重构日志: e56d3e1b
// 重构日志: 9a74ec33
// 同步 ID: 7d42df84 @ Fri Jul 17 04:14:29 UTC 2026
// 同步 ID: 2f961f95 @ Fri Jul 17 10:15:56 UTC 2026
// 同步 ID: 8d5e8dc3 @ Fri Jul 17 11:38:40 UTC 2026
// 重构日志: 1cc50ef0
// 重构日志: 7d3f064d
// 重构日志: 3b1ea231
// 重构日志: a6a5f4ae
// 重构日志: 5d8e3d87
// 重构日志: 80785d3f
// 重构日志: cbafe253
// 重构日志: 27264302
// 重构日志: 20da3a22
// 重构日志: 3b81cfa5
// 重构日志: 00248a9e
// 重构日志: df0b05b1
// 同步 ID: 51665bfc @ Fri Jul 24 00:25:35 UTC 2026
